toServer: connect
toClient: free
toServer: SRP
toClient: SRP
toServer: true:lol
toClient: no
toServer: stop
toClient: stop
toServer: connect
toClient: free
toServer: SRP
toClient: SRP
toServer: false:lol
toClient: ok
toServer: s:뜍ሪꌆ镀꜕?僼ʭⳄ錄⟐坄佞ɑ嗦
toServer: v:226
toServer: stop
toClient: stop
toServer: connect
toClient: free
toServer: SRP
toClient: SRP
toServer: true:lol
toClient: ok
toServer: A:1621
toClient: ok
toClient: B:1582
toServer: ok
toClient: ok
toClient: salt:뜍ሪꌆ镀꜕?僼ʭⳄ錄⟐坄佞ɑ嗦
toServer: M:100
toClient: ok
toClient: R:100
toServer: ok
toServer: connect
toClient: free
toServer: SRP
toClient: SRP
toServer: true:lol
toClient: ok
toServer: A:8
toClient: ok
toClient: B:311
toServer: ok
toClient: ok
toClient: salt:뜍ሪꌆ镀꜕?僼ʭⳄ錄⟐坄佞ɑ嗦
toServer: M:600
toClient: ok
toClient: R:300
toServer: ok
toServer: connect
toClient: free
toServer: SRP
toClient: SRP
toServer: false:lol
toClient: ok
toServer: s:媗䝦疃萋ᗦ㔧甝뇩悈䬧ϯљ籯훹
toServer: v:1808
toServer: stop
toClient: stop
toServer: connect
toClient: free
toServer: SRP
toClient: SRP
toServer: true:lol
toClient: ok
toServer: A:814
toClient: ok
toClient: B:1841
toServer: ok
toClient: ok
toClient: salt:媗䝦疃萋ᗦ㔧甝뇩悈䬧ϯљ籯훹
toServer: M:639851722
toClient: ok
toClient: R:52998
toServer: connect
toClient: free
toServer: SRP
toClient: SRP
toServer: true:lol
toClient: ok
toServer: A:1808
toClient: ok
toClient: B:1547
toServer: ok
toClient: ok
toClient: salt:媗䝦疃萋ᗦ㔧甝뇩悈䬧ϯљ籯훹
toServer: M:51117
toClient: ok
toClient: R:201
toServer: no
toServer: stop
toClient: stop
toServer: connect
toClient: free
toServer: SRP
toClient: SRP
toServer: false:qwe
toClient: ok
toServer: s:ꑠ贘뀤̉໇氎踏檿ﾬ⋶怵漠ퟴꦆ⵪ꀀ
toServer: v:1054
toServer: stop
toClient: stop
toServer: connect
toClient: free
toServer: SRP
toClient: SRP
toServer: true:qwe
toClient: ok
toServer: A:256
toClient: ok
toClient: B:1169
toServer: ok
toClient: ok
toClient: salt:ꑠ贘뀤̉໇氎踏檿ﾬ⋶怵漠ퟴꦆ⵪ꀀ
toServer: M:63514
toClient: ok
toClient: R:193
toServer: ok
toServer: connect
toClient: free
toServer: SRP
toClient: SRP
toServer: false:frg
toClient: ok
toServer: s:陚㖎◩털凝ു訐㋵̕⢚皬඾暘释ੈ
toServer: v:814
toServer: stop
toClient: stop
toServer: connect
toClient: free
toServer: SRP
toClient: SRP
toServer: true:frg
toClient: ok
toServer: A:407
toClient: ok
toClient: B:1471
toServer: no
toServer: stop
toClient: stop
toServer: connect
toClient: free
toServer: SRP
toClient: SRP
toServer: false:qwerty
toClient: ok
toServer: s:⺆倉鏤蔝噺익䤓騦쾅㦧̫汸꡽㎀씶႓
toServer: v:128
toServer: stop
toClient: stop
toServer: connect
toClient: free
toServer: SRP
toClient: SRP
toServer: true:qwerty
toClient: ok
toServer: A:113
toClient: ok
toClient: B:512
toServer: no
toServer: stop
toClient: stop
toServer: connect
toClient: free
toServer: SRP
toClient: SRP
toServer: true:qwerty
toClient: ok
toServer: A:212
toClient: ok
toClient: B:512
toServer: no
toServer: stop
toClient: stop
toServer: connect
toClient: free
toServer: SRP
toClient: SRP
toServer: false:sera
toClient: ok
toServer: connect
toClient: free
toServer: SRP
toClient: SRP
toServer: false:red
toClient: ok
toServer: connect
toClient: free
toServer: SRP
toClient: SRP
toServer: false:poi
toClient: ok
toServer: s:ﺙ意쬌錼﹕嚎ꊴ퓨潿詵?沋涷꼻
toServer: v:998
toServer: stop
toClient: stop
toServer: connect
toClient: free
toServer: SRP
toClient: SRP
toServer: true:poi
toClient: ok
toServer: A:1628
toClient: ok
toClient: B:700
toServer: ok
toClient: ok
toClient: salt:ﺙ意쬌錼﹕嚎ꊴ퓨潿詵?沋涷꼻
toServer: M:74041
toClient: ok
toClient: R:24
toServer: ok
toServer: connect
toClient: free
toServer: SRP
toClient: SRP
toServer: false:ftr
toClient: ok
toServer: s:샙⍼趋퍪딃瓏ᾓᘌꢅ⟗馮廄꽟
toServer: v:407
toServer: stop
toClient: stop
toServer: connect
toClient: free
toServer: SRP
toClient: SRP
toServer: true:ftr
toClient: ok
toServer: A:8
toClient: ok
toClient: B:250
toServer: ok
toClient: ok
toClient: salt:샙⍼趋퍪딃瓏ᾓᘌꢅ⟗馮廄꽟
toServer: M:47802
toClient: ok
toClient: R:117
toServer: connect
toClient: free
toServer: SRP
toClient: SRP
toServer: false:tre
toClient: ok
toServer: s:㢈낉뻜됶짗瀹騦木㵳̹돻놮햞⺯?
toServer: v:1261
toServer: stop
toClient: stop
toServer: connect
toClient: free
toServer: SRP
toClient: SRP
toServer: true:tre
toClient: ok
toServer: stop
toServer: connect
toClient: free
toServer: SRP
toClient: SRP
toServer: true:tre
toClient: ok
toServer: A:512
toClient: ok
toClient: B:994
toServer: ok
toClient: ok
toClient: salt:㢈낉뻜됶짗瀹騦木㵳̹돻놮햞⺯?
toServer: M:537618
toClient: no
toServer: connect
toClient: free
toServer: SRP
toClient: SRP
toServer: false:log
toClient: ok
toServer: s:׺毘ﮙㅏह蹒議髟Ẏ?䚐壟뙿꣢崋
toServer: v:452
toServer: stop
toClient: stop
toServer: connect
toClient: free
toServer: SRP
toClient: SRP
toServer: true:log
toClient: ok
toServer: A:407
toClient: ok
toClient: B:1057
toServer: ok
toClient: ok
toClient: salt:׺毘ﮙㅏह蹒議髟Ẏ?䚐壟뙿꣢崋
toServer: M:484664
toClient: no
toServer: stop
toClient: stop
toServer: connect
toClient: free
toServer: SRP
toClient: SRP
toServer: false:oll
toClient: ok
toServer: s:๫餾욡᭟饺爑擲慙癙?柺剘?兌樫
toServer: v:8
toServer: stop
toClient: stop
toServer: connect
toClient: free
toServer: SRP
toClient: SRP
toServer: true:oll
toClient: ok
toServer: A:32
toClient: ok
toClient: B:523
toServer: ok
toClient: ok
toClient: salt:๫餾욡᭟饺爑擲慙癙?柺剘?兌樫
toServer: M:406239
toClient: no
toServer: stop
toClient: stop
toServer: connect
toClient: free
toServer: SRP
toClient: SRP
toServer: true:oll
toClient: ok
toServer: A:1696
toClient: ok
toClient: B:523
toServer: ok
toClient: ok
toClient: salt:๫餾욡᭟饺爑擲慙癙?柺剘?兌樫
toServer: M:406352
toClient: no
toServer: stop
toClient: stop
toServer: connect
toClient: free
toServer: SRP
toClient: SRP
toServer: false:red
toClient: ok
toServer: s:䖘駣㚧舗֢㦣Ҹᚩ國꿽氛귭ꐺ컱પ
toServer: v:1696
toServer: stop
toClient: stop
toServer: connect
toClient: free
toServer: SRP
toClient: SRP
toServer: true:red
toClient: ok
toServer: A:1
toClient: ok
toClient: B:101
toServer: ok
toClient: ok
toClient: salt:䖘駣㚧舗֢㦣Ҹᚩ國꿽氛귭ꐺ컱પ
toServer: M:425684
toClient: ok
toClient: R:517
toServer: ok
toServer: disconnect
toServer: stop
toClient: stop
toServer: connect
toClient: free
toServer: SRP
toClient: SRP
toServer: true:red
toClient: ok
toServer: A:32
toClient: ok
toClient: B:1946
toServer: ok
toClient: ok
toClient: salt:䖘駣㚧舗֢㦣Ҹᚩ國꿽氛귭ꐺ컱પ
toServer: M:425808
toClient: no
toServer: stop
toClient: stop
toServer: connect
toClient: free
toServer: SRP
toClient: SRP
toServer: false:ver
toClient: ok
toServer: s:Ҿ綗푁衖⃙?캳騅䵠騳䓼ꐂ
toServer: v:799
toServer: stop
toClient: stop
toServer: connect
toClient: free
toServer: SRP
toClient: SRP
toServer: true:ver
toClient: ok
toServer: A:1808
toClient: ok
toClient: B:2896
toServer: ok
toClient: ok
toClient: salt:Ҿ綗푁衖⃙?캳騅䵠騳䓼ꐂ
toServer: M:582114
toClient: no
toServer: stop
toClient: stop
toServer: connect
toClient: free
toServer: SRP
toClient: SRP
toServer: false:fgh
toClient: ok
toServer: s:窸턧⾾삦ꐛ⅀엃힍ࢺ캔įᗓ衃ᷪ
toServer: v:1621
toServer: stop
toClient: stop
toServer: connect
toClient: free
toServer: SRP
toClient: SRP
toServer: true:fgh
toClient: ok
toServer: A:407
toClient: ok
toClient: B:5677
toServer: ok
toClient: ok
toClient: salt:窸턧⾾삦ꐛ⅀엃힍ࢺ캔įᗓ衃ᷪ
toServer: M:524370
toClient: ok
toClient: R:624
toServer: ok
toServer: disconnect
toServer: stop
toClient: stop
toServer: connect
toClient: free
toServer: SRP
toClient: SRP
toServer: true:fgh
toClient: ok
toServer: A:8
toClient: ok
toClient: B:6671
toServer: ok
toClient: ok
toClient: salt:窸턧⾾삦ꐛ⅀엃힍ࢺ캔įᗓ衃ᷪ
toServer: M:524255
toClient: ok
toClient: R:516
toServer: ok
toServer: disconnect
toServer: stop
toClient: stop
toServer: connect
toClient: free
toServer: SRP
toClient: SRP
toServer: false:tyu
toClient: ok
toServer: s:碢⺇벦澍∑䩨멿આꡅ鄿ꖒ퟼땏
toServer: v:106
toServer: stop
toClient: stop
toServer: connect
toClient: free
toServer: SRP
toClient: SRP
toServer: true:tyu
toClient: ok
toServer: A:424
toClient: ok
toClient: B:446
toServer: ok
toClient: ok
toClient: salt:碢⺇벦澍∑䩨멿આꡅ鄿ꖒ퟼땏
toServer: M:605668
toClient: ok
toClient: R:621
toServer: ok
toServer: disconnect
toServer: stop
toClient: stop
toServer: connect
toClient: free
toServer: SRP
toClient: SRP
toServer: false:login
toClient: ok
toServer: s:䋵噝ᛒ粼쒠䓀殮黡示Ã庅贔᝼㬴쵾
toServer: v:998
toServer: stop
toClient: stop
toServer: connect
toClient: free
toServer: SRP
toClient: SRP
toServer: true:login
toClient: ok
toServer: A:527
toClient: ok
toClient: B:3521
toServer: ok
toClient: ok
toClient: salt:䋵噝ᛒ粼쒠䓀殮黡示Ã庅贔᝼㬴쵾
toServer: M:443044
toClient: ok
toClient: R:613
toServer: ok
toServer: disconnect
toServer: stop
toClient: stop
toServer: connect
toClient: free
toServer: SRP
toClient: SRP
toServer: true:login
toClient: ok
toServer: A:64
toClient: ok
toClient: B:3446
toServer: ok
toClient: ok
toClient: salt:䋵噝ᛒ粼쒠䓀殮黡示Ã庅贔᝼㬴쵾
toServer: M:442957
toClient: ok
toClient: R:532
toServer: ok
toServer: disconnect
toServer: stop
toClient: stop
toServer: connect
toClient: free
toServer: SRP
toClient: SRP
toServer: connect
toClient: free
toServer: SRP
toClient: SRP
toServer: false:porno
toClient: ok
toServer: s:㒩ℱ⵳听뗶밎钋谗㈇쓣츢篌埡㈦
toServer: v:128
toServer: stop
toClient: stop
toServer: connect
toClient: free
toServer: SRP
toClient: SRP
toServer: true:porno
toClient: ok
toServer: A:799
toClient: ok
toClient: B:416
toServer: ok
toClient: ok
toClient: salt:㒩ℱ⵳听뗶밎钋谗㈇쓣츢篌埡㈦
toServer: M:528296
toClient: ok
toClient: R:649
toServer: ok
toServer: msg
toServer: Ġ
toServer: connect
toClient: free
toServer: SRP
toClient: SRP
toServer: false:vergo
toClient: ok
toServer: s:輮탯麌癋獞纘쁋㖺㯺䐓ꖙ癗᝶䅒
toServer: v:113
toServer: stop
toClient: stop
toServer: connect
toClient: free
toServer: SRP
toClient: SRP
toServer: true:vergo
toClient: ok
toServer: A:1621
toClient: ok
toClient: B:1138
toServer: ok
toClient: ok
toClient: salt:輮탯麌癋獞纘쁋㖺㯺䐓ꖙ癗᝶䅒
toServer: M:533061
toClient: ok
toClient: R:668
toServer: ok
toClient: disconnect
toClient: stop
toServer: stop
toServer: connect
toClient: free
toServer: SRP
toClient: SRP
toServer: true:vergo
toClient: ok
toServer: A:512
toClient: ok
toClient: B:341
toServer: ok
toClient: ok
toClient: salt:輮탯麌癋獞纘쁋㖺㯺䐓ꖙ癗᝶䅒
toServer: M:532950
toClient: ok
toClient: R:616
toServer: ok
toClient: disconnect
toClient: stop
toServer: stop
toServer: connect
toClient: free
toServer: SRP
toClient: SRP
toServer: true:vergo
toClient: ok
toServer: A:1024
toClient: ok
toClient: B:746
toServer: ok
toClient: ok
toClient: salt:輮탯麌癋獞纘쁋㖺㯺䐓ꖙ癗᝶䅒
toServer: M:533005
toClient: no
toServer: stop
toClient: stop
toServer: connect
toClient: free
toServer: connect
toClient: free
toServer: SRP
toClient: SRP
toServer: false:ver
toClient: ok
toServer: s:揨㌞⋀蓃ｌ᰻簕픆嶮㎲᜙㾣埃
toServer: v:1598
toServer: stop
toClient: stop
toServer: connect
toClient: free
toServer: SRP
toClient: SRP
toServer: true:ver
toClient: ok
toServer: A:1621
toClient: ok
toClient: B:5246
toServer: ok
toClient: ok
toClient: salt:揨㌞⋀蓃ｌ᰻簕픆嶮㎲᜙㾣埃
toServer: M:504633
toClient: ok
toClient: R:669
toServer: ok
toServer: disconnect
toServer: stop
toClient: stop
toServer: connect
toClient: free
toServer: SRP
toClient: SRP
toServer: true:verr
toClient: no
toServer: stop
toClient: stop
toServer: connect
toClient: free
toServer: SRP
toClient: SRP
toServer: true:ver
toClient: ok
toServer: A:113
toClient: ok
toClient: B:5006
toServer: ok
toClient: ok
toClient: salt:揨㌞⋀蓃ｌ᰻簕픆嶮㎲᜙㾣埃
toServer: M:504565
toClient: no
toServer: stop
toClient: stop
toServer: connect
toClient: free
toClient: SRP
toServer: SRP
toServer: true:ver
toClient: ok
toServer: A:53
toClient: ok
toClient: B:4795
toServer: ok
toClient: ok
toClient: salt:揨㌞⋀蓃ｌ᰻簕픆嶮㎲᜙㾣埃
toServer: M:504494
toClient: ok
toClient: R:527
toServer: ok
toServer: disconnect
toServer: stop
toClient: stop
